|SourceProjectName:snpsldap.hpr
|DestinationProjectName:index.htm
whutils.js
whver.js
whmozemu.js
wf_startpage.js
whtopic.js
whskin_tw.htm
wf_frames.js
wf_master.js
wf_dispatcher.js
wf_dispatcher.vbs
wf_startfs.htm
wf_bottom.htm
wf_contentfs.htm
wf_comm.htm
wf_hiddenfs.htm
wf_flashinstall.htm
wf_flashupgrade.htm
wf_related.htm
wf_checkflash.htm
wf_toolbar.htm
wf_navbar.htm
wf_navframe.htm
wf_navpane.htm
wf_master.htm
wf_skin.htm
wf_poweredby.htm
wfres.xml
wf_njs.htm
wf_pickup.htm
wf_blank.htm
wf_master.swf
wf_toolbar.swf
wf_navbar.swf
wf_navpane.swf
wf_skin.swf
wf_param_passer.swf
wf_poweredby.swf
wf_detectflash.swf
wf_waitv6.swf
flashhelp_components.swf
flashhelp_tooltip_component.swf
wf_related.swf
wf_toc.swf
wf_tocui.swf
wf_tocxml.swf
wf_index.swf
wf_indexui.swf
wf_indexxml.swf
wf_glossary.swf
wf_glossaryui.swf
wf_glossaryxml.swf
wf_search.swf
wf_searchui.swf
wf_searchxml.swf
wf_system_stock_aboutbox.swf
wf_system_stock_poweredby.swf
wf_flash_get.gif
wf_favicon.ico
wf_topics.css
whproj.xml
whxdata\whtoc.xml
whxdata\whidx.xml
whxdata\whfts.xml
whxdata\whglo.xml
whgdata\whnvp30.htm
whgdata\whnvp31.htm
whgdata\whnvp32.htm
whgdata\whnvp33.htm
whgdata\whnvt30.htm
whgdata\whnvt31.htm
whgdata\whnvt32.htm
whgdata\whnvt33.htm
whgdata\whnvf30.htm
whgdata\whnvf31.htm
whgdata\whnvf32.htm
whgdata\whnvf33.htm
whgdata\whnvl31.htm
whgdata\whnvl32.htm
whgdata\whnvl33.htm
whgdata\whexpbar.gif
cshdat_webhelp.htm
whcsh_home.htm
whcshdata.htm
wht_tab0.gif
wht_tab1.gif
wht_tab2.gif
wht_tab3.gif
wht_tab4.gif
wht_tab5.gif
wht_tab6.gif
wht_tab7.gif
wht_tab8.gif
wht_toc1.gif
wht_toc2.gif
wht_toc3.gif
wht_toc4.gif
slate.fhs
skin_background_tb.swf
skin_button_tb_toc.swf
skin_button_tb_index.swf
skin_button_tb_search.swf
skin_button_tb_glossary.swf
skin_button_tb_print.swf
skin_textfield.swf
skin_button_tb_poweredby.swf
skin_aboutbox.swf
skin_background_nav.swf
skin_button_nav_previous.swf
skin_button_nav_next.swf
skin_button_nav_sync.swf
skin_button_nav_close.swf
skin_background_navpane.swf
skin_textnode.swf
skin_toc.swf
skin_index.swf
skin_search.swf
skin_glossary.swf
skin_scrollbar.swf
wht_toc4_1.gif
wht_toc1_1.gif
wht_toc2_1.gif
wht_toc3_1.gif
cws_pnbtn0_1.gif
cws_pnbtn1_1.gif
index_hha.hhk
index.hhc
index.hhk
doc\ap_jdbcfeatures.htm
doc\driver_configuration.htm
doc\faq.htm
doc\how_does_it_work.htm
doc\installation.htm
doc\release_note.htm
doc\sql_syntax.htm
readme.htm
ehelp.xml
robohhre.lng
index.glo
doc\common.css
doc\sql_map.jpg
doc\ldap_tree.jpg
ehlpdhtm.js
index.ppf
doc\common_ns.css
whxdata\whtdata0.xml
whxdata\whftdata0.xml
whxdata\whfwdata0.xml
whxdata\whgdata0.xml
whgdata\whlstt0.htm
whgdata\whlstt1.htm
whgdata\whlstt2.htm
whgdata\whlsti0.htm
whgdata\whlstfl0.htm
whgdata\whlstfl1.htm
whgdata\whlstfl2.htm
whgdata\whlstfl3.htm
whgdata\whlstfl4.htm
whgdata\whlstfl5.htm
whgdata\whlstfl6.htm
whgdata\whlstfl7.htm
whgdata\whlstfl8.htm
whgdata\whlstfl9.htm
whgdata\whlstfl10.htm
whgdata\whlstfl11.htm
whgdata\whlstfl12.htm
whgdata\whlstfl13.htm
whgdata\whlstfl14.htm
whgdata\whlstfl15.htm
whgdata\whlstfl16.htm
whgdata\whlstfl17.htm
whgdata\whlstfl18.htm
whgdata\whlstfl19.htm
whgdata\whlstfl20.htm
whgdata\whlstfl21.htm
whgdata\whlstfl22.htm
whgdata\whlstfl23.htm
whgdata\whlstfl24.htm
whgdata\whlstfl25.htm
whgdata\whlstf0.htm
whgdata\whlstf1.htm
whgdata\whlstf2.htm
whgdata\whlstf3.htm
whgdata\whlstf4.htm
whgdata\whlstf5.htm
whgdata\whlstf6.htm
whgdata\whlstg0.htm
index.htm
index_csh.htm
